<?xml version="1.0" encoding="UTF-8"?>
<!-- Generated by org.testng.reporters.JUnitXMLReporter -->
<testsuite ignored="2" hostname="DESKTOP-9PPQG2U" failures="0" tests="2" name="Test" time="0.081" errors="0" timestamp="2021-10-29T10:48:14 IST">
  <testcase classname="testNG.TestCase_Group_Execution" name="sample1" time="0.013"/>
  <testcase classname="testNG.TestCase02_Group_Execution" name="sample" time="0.003"/>
  <testcase classname="testNG.TestCase_Group_Execution" name="sample" time="0.0">
    <ignored/>
  </testcase> <!-- sample -->
  <testcase classname="testNG.TestCase02_Group_Execution" name="sample1" time="0.0">
    <ignored/>
  </testcase> <!-- sample1 -->
</testsuite> <!-- Test -->
